<?xml version="1.0" encoding="UTF-8"?>
<!-- Generated by org.testng.reporters.JUnitReportReporter -->
<testsuite hostname="Bokka" failures="0" tests="1" name="tutorialsNinjaTests.ModifyAddressBookEntriesTest" time="7.779" errors="0" timestamp="2023-02-06T21:04:48 CET" skipped="0">
  <testcase classname="tutorialsNinjaTests.ModifyAddressBookEntriesTest" name="verifyAddressBookEntriesForValidCase" time="7.779"/>
  <system-out/>
</testsuite> <!-- tutorialsNinjaTests.ModifyAddressBookEntriesTest -->
