<?xml version="1.0" encoding="UTF-8"?>
<!-- Generated by org.testng.reporters.JUnitReportReporter -->
<testsuite hostname="Bokka" failures="0" tests="1" name="tutorialsNinjaTests.DeleteProductInWishListTest" time="7.229" errors="0" timestamp="2023-02-06T21:04:48 CET" skipped="0">
  <testcase classname="tutorialsNinjaTests.DeleteProductInWishListTest" name="verifyProductRemovalFromWishListFunctionality" time="7.229"/>
  <system-out/>
</testsuite> <!-- tutorialsNinjaTests.DeleteProductInWishListTest -->
