<?xml version="1.0" encoding="UTF-8"?>
<!-- Generated by org.testng.reporters.JUnitReportReporter -->
<testsuite hostname="Bokka" failures="0" tests="4" name="tutorialsNinjaTests.ForgottenPasswordTest" time="18.525" errors="0" timestamp="2023-02-06T21:04:48 CET" skipped="0">
  <testcase classname="tutorialsNinjaTests.ForgottenPasswordTest" name="verifyForgottenPasswordInLoginFieldValidCase" time="4.557"/>
  <system-out/>
  <testcase classname="tutorialsNinjaTests.ForgottenPasswordTest" name="verifyForgottenPasswordInLoginFieldValidCase" time="4.871"/>
  <system-out/>
  <testcase classname="tutorialsNinjaTests.ForgottenPasswordTest" name="verifyForgottenPasswordInRightColumnValidCase" time="4.352"/>
  <system-out/>
  <testcase classname="tutorialsNinjaTests.ForgottenPasswordTest" name="verifyForgottenPasswordInRightColumnValidCase" time="4.745"/>
  <system-out/>
</testsuite> <!-- tutorialsNinjaTests.ForgottenPasswordTest -->
