<?xml version="1.0" encoding="UTF-8"?>
<!-- Generated by org.testng.reporters.JUnitReportReporter -->
<testsuite hostname="Bokka" failures="0" tests="2" name="tutorialsNinjaTests.RegisterTest" time="10.794" errors="0" timestamp="2023-02-06T21:04:48 CET" skipped="0">
  <testcase classname="tutorialsNinjaTests.RegisterTest" name="verifyRegisterAccountFunctionality" time="5.821"/>
  <system-out/>
  <testcase classname="tutorialsNinjaTests.RegisterTest" name="verifyRegisterAccountFunctionality" time="4.973"/>
  <system-out/>
</testsuite> <!-- tutorialsNinjaTests.RegisterTest -->
